
Start-Date: 2026-02-17  02:03:04
Commandline: apt-get install --reinstall apt
Reinstall: apt:amd64 (2.7.14build2)
End-Date: 2026-02-17  02:03:05

Start-Date: 2026-02-17  02:03:08
Commandline: apt-get install --reinstall base-files
Reinstall: base-files:amd64 (13ubuntu10)
End-Date: 2026-02-17  02:03:10

Start-Date: 2026-02-17  02:03:13
Commandline: apt-get install --reinstall base-passwd
Reinstall: base-passwd:amd64 (3.6.3build1)
End-Date: 2026-02-17  02:03:14

Start-Date: 2026-02-17  02:03:17
Commandline: apt-get install --reinstall bash
Reinstall: bash:amd64 (5.2.21-2ubuntu4)
End-Date: 2026-02-17  02:03:18

Start-Date: 2026-02-17  02:03:21
Commandline: apt-get install --reinstall bsdutils
Reinstall: bsdutils:amd64 (1:2.39.3-9ubuntu6)
End-Date: 2026-02-17  02:03:22

Start-Date: 2026-02-17  02:03:25
Commandline: apt-get install --reinstall coreutils
Reinstall: coreutils:amd64 (9.4-3ubuntu6)
End-Date: 2026-02-17  02:03:27

Start-Date: 2026-02-17  02:03:29
Commandline: apt-get install --reinstall dash
Reinstall: dash:amd64 (0.5.12-6ubuntu5)
End-Date: 2026-02-17  02:03:31

Start-Date: 2026-02-17  02:03:34
Commandline: apt-get install --reinstall debconf
Reinstall: debconf:amd64 (1.5.86ubuntu1)
End-Date: 2026-02-17  02:03:35

Start-Date: 2026-02-17  02:03:38
Commandline: apt-get install --reinstall debianutils
Reinstall: debianutils:amd64 (5.17build1)
End-Date: 2026-02-17  02:03:39

Start-Date: 2026-02-17  02:03:42
Commandline: apt-get install --reinstall diffutils
Reinstall: diffutils:amd64 (1:3.10-1build1)
End-Date: 2026-02-17  02:03:44

Start-Date: 2026-02-17  02:03:46
Commandline: apt-get install --reinstall dpkg
Reinstall: dpkg:amd64 (1.22.6ubuntu6)
End-Date: 2026-02-17  02:03:48

Start-Date: 2026-02-17  02:03:51
Commandline: apt-get install --reinstall e2fsprogs
Reinstall: e2fsprogs:amd64 (1.47.0-2.4~exp1ubuntu4)
End-Date: 2026-02-17  02:03:52

Start-Date: 2026-02-17  02:03:55
Commandline: apt-get install --reinstall findutils
Reinstall: findutils:amd64 (4.9.0-5build1)
End-Date: 2026-02-17  02:03:56

Start-Date: 2026-02-17  02:03:59
Commandline: apt-get install --reinstall gcc-14-base:amd64
Reinstall: gcc-14-base:amd64 (14-20240412-0ubuntu1)
End-Date: 2026-02-17  02:04:00

Start-Date: 2026-02-17  02:04:03
Commandline: apt-get install --reinstall gpgv
Reinstall: gpgv:amd64 (2.4.4-2ubuntu17)
End-Date: 2026-02-17  02:04:05

Start-Date: 2026-02-17  02:04:07
Commandline: apt-get install --reinstall grep
Reinstall: grep:amd64 (3.11-4build1)
End-Date: 2026-02-17  02:04:09

Start-Date: 2026-02-17  02:04:12
Commandline: apt-get install --reinstall gzip
Reinstall: gzip:amd64 (1.12-1ubuntu3)
End-Date: 2026-02-17  02:04:13

Start-Date: 2026-02-17  02:04:16
Commandline: apt-get install --reinstall hostname
Reinstall: hostname:amd64 (3.23+nmu2ubuntu2)
End-Date: 2026-02-17  02:04:17

Start-Date: 2026-02-17  02:04:20
Commandline: apt-get install --reinstall init-system-helpers
Reinstall: init-system-helpers:amd64 (1.66ubuntu1)
End-Date: 2026-02-17  02:04:21

Start-Date: 2026-02-17  02:04:24
Commandline: apt-get install --reinstall libacl1:amd64
Reinstall: libacl1:amd64 (2.3.2-1build1)
End-Date: 2026-02-17  02:04:26

Start-Date: 2026-02-17  02:04:28
Commandline: apt-get install --reinstall libapt-pkg6.0t64:amd64
Reinstall: libapt-pkg6.0t64:amd64 (2.7.14build2)
End-Date: 2026-02-17  02:04:30

Start-Date: 2026-02-17  02:04:34
Commandline: apt-get install --reinstall libassuan0:amd64
Reinstall: libassuan0:amd64 (2.5.6-1build1)
End-Date: 2026-02-17  02:04:35

Start-Date: 2026-02-17  02:04:38
Commandline: apt-get install --reinstall libattr1:amd64
Reinstall: libattr1:amd64 (1:2.5.2-1build1)
End-Date: 2026-02-17  02:04:39

Start-Date: 2026-02-17  02:04:42
Commandline: apt-get install --reinstall libaudit-common
Reinstall: libaudit-common:amd64 (1:3.1.2-2.1build1)
End-Date: 2026-02-17  02:04:43

Start-Date: 2026-02-17  02:04:46
Commandline: apt-get install --reinstall libaudit1:amd64
Reinstall: libaudit1:amd64 (1:3.1.2-2.1build1)
End-Date: 2026-02-17  02:04:48

Start-Date: 2026-02-17  02:04:50
Commandline: apt-get install --reinstall libblkid1:amd64
Reinstall: libblkid1:amd64 (2.39.3-9ubuntu6)
End-Date: 2026-02-17  02:04:52

Start-Date: 2026-02-17  02:04:54
Commandline: apt-get install --reinstall libbz2-1.0:amd64
Reinstall: libbz2-1.0:amd64 (1.0.8-5.1)
End-Date: 2026-02-17  02:04:56

Start-Date: 2026-02-17  02:04:59
Commandline: apt-get install --reinstall libc-bin
Reinstall: libc-bin:amd64 (2.39-0ubuntu8)
End-Date: 2026-02-17  02:05:00

Start-Date: 2026-02-17  02:05:03
Commandline: apt-get install --reinstall libc6:amd64
Reinstall: libc6:amd64 (2.39-0ubuntu8)
End-Date: 2026-02-17  02:05:06

Start-Date: 2026-02-17  02:05:08
Commandline: apt-get install --reinstall libcap-ng0:amd64
Reinstall: libcap-ng0:amd64 (0.8.4-2build2)
End-Date: 2026-02-17  02:05:10

Start-Date: 2026-02-17  02:05:13
Commandline: apt-get install --reinstall libcap2:amd64
Reinstall: libcap2:amd64 (1:2.66-5ubuntu2)
End-Date: 2026-02-17  02:05:14

Start-Date: 2026-02-17  02:05:17
Commandline: apt-get install --reinstall libcom-err2:amd64
Reinstall: libcom-err2:amd64 (1.47.0-2.4~exp1ubuntu4)
End-Date: 2026-02-17  02:05:18

Start-Date: 2026-02-17  02:05:21
Commandline: apt-get install --reinstall libcrypt1:amd64
Reinstall: libcrypt1:amd64 (1:4.4.36-4build1)
End-Date: 2026-02-17  02:05:22

Start-Date: 2026-02-17  02:05:25
Commandline: apt-get install --reinstall libdebconfclient0:amd64
Reinstall: libdebconfclient0:amd64 (0.271ubuntu3)
End-Date: 2026-02-17  02:05:26

Start-Date: 2026-02-17  02:05:29
Commandline: apt-get install --reinstall libext2fs2t64:amd64
Reinstall: libext2fs2t64:amd64 (1.47.0-2.4~exp1ubuntu4)
End-Date: 2026-02-17  02:05:30

Start-Date: 2026-02-17  02:05:33
Commandline: apt-get install --reinstall libffi8:amd64
Reinstall: libffi8:amd64 (3.4.6-1build1)
End-Date: 2026-02-17  02:05:34

Start-Date: 2026-02-17  02:05:37
Commandline: apt-get install --reinstall libgcc-s1:amd64
Reinstall: libgcc-s1:amd64 (14-20240412-0ubuntu1)
End-Date: 2026-02-17  02:05:39

Start-Date: 2026-02-17  02:05:41
Commandline: apt-get install --reinstall libgcrypt20:amd64
Reinstall: libgcrypt20:amd64 (1.10.3-2build1)
End-Date: 2026-02-17  02:05:43

Start-Date: 2026-02-17  02:05:46
Commandline: apt-get install --reinstall libgmp10:amd64
Reinstall: libgmp10:amd64 (2:6.3.0+dfsg-2ubuntu6)
End-Date: 2026-02-17  02:05:47

Start-Date: 2026-02-17  02:05:50
Commandline: apt-get install --reinstall libgnutls30t64:amd64
Reinstall: libgnutls30t64:amd64 (3.8.3-1.1ubuntu3)
End-Date: 2026-02-17  02:05:51

Start-Date: 2026-02-17  02:05:54
Commandline: apt-get install --reinstall libgpg-error0:amd64
Reinstall: libgpg-error0:amd64 (1.47-3build2)
End-Date: 2026-02-17  02:05:55

Start-Date: 2026-02-17  02:05:58
Commandline: apt-get install --reinstall libhogweed6t64:amd64
Reinstall: libhogweed6t64:amd64 (3.9.1-2.2build1)
End-Date: 2026-02-17  02:06:00

Start-Date: 2026-02-17  02:06:02
Commandline: apt-get install --reinstall libidn2-0:amd64
Reinstall: libidn2-0:amd64 (2.3.7-2build1)
End-Date: 2026-02-17  02:06:04

Start-Date: 2026-02-17  02:06:07
Commandline: apt-get install --reinstall liblz4-1:amd64
Reinstall: liblz4-1:amd64 (1.9.4-1build1)
End-Date: 2026-02-17  02:06:08

Start-Date: 2026-02-17  02:06:11
Commandline: apt-get install --reinstall liblzma5:amd64
Reinstall: liblzma5:amd64 (5.6.1+really5.4.5-1)
End-Date: 2026-02-17  02:06:12

Start-Date: 2026-02-17  02:06:15
Commandline: apt-get install --reinstall libmd0:amd64
Reinstall: libmd0:amd64 (1.1.0-2build1)
End-Date: 2026-02-17  02:06:17

Start-Date: 2026-02-17  02:06:20
Commandline: apt-get install --reinstall libmount1:amd64
Reinstall: libmount1:amd64 (2.39.3-9ubuntu6)
End-Date: 2026-02-17  02:06:21

Start-Date: 2026-02-17  02:06:24
Commandline: apt-get install --reinstall libncursesw6:amd64
Reinstall: libncursesw6:amd64 (6.4+20240113-1ubuntu2)
End-Date: 2026-02-17  02:06:25

Start-Date: 2026-02-17  02:06:28
Commandline: apt-get install --reinstall libnettle8t64:amd64
Reinstall: libnettle8t64:amd64 (3.9.1-2.2build1)
End-Date: 2026-02-17  02:06:30

Start-Date: 2026-02-17  02:06:32
Commandline: apt-get install --reinstall libnpth0t64:amd64
Reinstall: libnpth0t64:amd64 (1.6-3.1build1)
End-Date: 2026-02-17  02:06:34

Start-Date: 2026-02-17  02:06:36
Commandline: apt-get install --reinstall libp11-kit0:amd64
Reinstall: libp11-kit0:amd64 (0.25.3-4ubuntu2)
End-Date: 2026-02-17  02:06:38

Start-Date: 2026-02-17  02:06:41
Commandline: apt-get install --reinstall libpam-modules:amd64
Reinstall: libpam-modules:amd64 (1.5.3-5ubuntu5)
End-Date: 2026-02-17  02:06:42

Start-Date: 2026-02-17  02:06:45
Commandline: apt-get install --reinstall libpam-modules-bin
Reinstall: libpam-modules-bin:amd64 (1.5.3-5ubuntu5)
End-Date: 2026-02-17  02:06:46

Start-Date: 2026-02-17  02:06:49
Commandline: apt-get install --reinstall libpam-runtime
Reinstall: libpam-runtime:amd64 (1.5.3-5ubuntu5)
End-Date: 2026-02-17  02:06:51

Start-Date: 2026-02-17  02:06:53
Commandline: apt-get install --reinstall libpam0g:amd64
Reinstall: libpam0g:amd64 (1.5.3-5ubuntu5)
End-Date: 2026-02-17  02:06:55

Start-Date: 2026-02-17  02:06:58
Commandline: apt-get install --reinstall libpcre2-8-0:amd64
Reinstall: libpcre2-8-0:amd64 (10.42-4ubuntu2)
End-Date: 2026-02-17  02:06:59

Start-Date: 2026-02-17  02:07:02
Commandline: apt-get install --reinstall libproc2-0:amd64
Reinstall: libproc2-0:amd64 (2:4.0.4-4ubuntu3)
End-Date: 2026-02-17  02:07:03

Start-Date: 2026-02-17  02:07:06
Commandline: apt-get install --reinstall libseccomp2:amd64
Reinstall: libseccomp2:amd64 (2.5.5-1ubuntu3)
End-Date: 2026-02-17  02:07:07

Start-Date: 2026-02-17  02:07:10
Commandline: apt-get install --reinstall libselinux1:amd64
Reinstall: libselinux1:amd64 (3.5-2ubuntu2)
End-Date: 2026-02-17  02:07:11

Start-Date: 2026-02-17  02:07:14
Commandline: apt-get install --reinstall libsemanage-common
Reinstall: libsemanage-common:amd64 (3.5-1build5)
End-Date: 2026-02-17  02:07:15

Start-Date: 2026-02-17  02:07:18
Commandline: apt-get install --reinstall libsemanage2:amd64
Reinstall: libsemanage2:amd64 (3.5-1build5)
End-Date: 2026-02-17  02:07:19

Start-Date: 2026-02-17  02:07:22
Commandline: apt-get install --reinstall libsepol2:amd64
Reinstall: libsepol2:amd64 (3.5-2build1)
End-Date: 2026-02-17  02:07:23

Start-Date: 2026-02-17  02:07:26
Commandline: apt-get install --reinstall libsmartcols1:amd64
Reinstall: libsmartcols1:amd64 (2.39.3-9ubuntu6)
End-Date: 2026-02-17  02:07:27

Start-Date: 2026-02-17  02:07:30
Commandline: apt-get install --reinstall libss2:amd64
Reinstall: libss2:amd64 (1.47.0-2.4~exp1ubuntu4)
End-Date: 2026-02-17  02:07:31

Start-Date: 2026-02-17  02:07:34
Commandline: apt-get install --reinstall libssl3t64:amd64
Reinstall: libssl3t64:amd64 (3.0.13-0ubuntu3)
End-Date: 2026-02-17  02:07:35

Start-Date: 2026-02-17  02:07:38
Commandline: apt-get install --reinstall libstdc++6:amd64
Reinstall: libstdc++6:amd64 (14-20240412-0ubuntu1)
End-Date: 2026-02-17  02:07:40

Start-Date: 2026-02-17  02:07:43
Commandline: apt-get install --reinstall libsystemd0:amd64
Reinstall: libsystemd0:amd64 (255.4-1ubuntu8)
End-Date: 2026-02-17  02:07:44

Start-Date: 2026-02-17  02:07:47
Commandline: apt-get install --reinstall libtasn1-6:amd64
Reinstall: libtasn1-6:amd64 (4.19.0-3build1)
End-Date: 2026-02-17  02:07:48

Start-Date: 2026-02-17  02:07:51
Commandline: apt-get install --reinstall libtinfo6:amd64
Reinstall: libtinfo6:amd64 (6.4+20240113-1ubuntu2)
End-Date: 2026-02-17  02:07:52

Start-Date: 2026-02-17  02:07:55
Commandline: apt-get install --reinstall libudev1:amd64
Reinstall: libudev1:amd64 (255.4-1ubuntu8)
End-Date: 2026-02-17  02:07:57

Start-Date: 2026-02-17  02:07:59
Commandline: apt-get install --reinstall libunistring5:amd64
Reinstall: libunistring5:amd64 (1.1-2build1)
End-Date: 2026-02-17  02:08:01

Start-Date: 2026-02-17  02:08:03
Commandline: apt-get install --reinstall libuuid1:amd64
Reinstall: libuuid1:amd64 (2.39.3-9ubuntu6)
End-Date: 2026-02-17  02:08:05

Start-Date: 2026-02-17  02:08:08
Commandline: apt-get install --reinstall libxxhash0:amd64
Reinstall: libxxhash0:amd64 (0.8.2-2build1)
End-Date: 2026-02-17  02:08:09

Start-Date: 2026-02-17  02:08:12
Commandline: apt-get install --reinstall libzstd1:amd64
Reinstall: libzstd1:amd64 (1.5.5+dfsg2-2build1)
End-Date: 2026-02-17  02:08:13

Start-Date: 2026-02-17  02:08:16
Commandline: apt-get install --reinstall login
Reinstall: login:amd64 (1:4.13+dfsg1-4ubuntu3)
End-Date: 2026-02-17  02:08:17

Start-Date: 2026-02-17  02:08:20
Commandline: apt-get install --reinstall logsave
Reinstall: logsave:amd64 (1.47.0-2.4~exp1ubuntu4)
End-Date: 2026-02-17  02:08:21

Start-Date: 2026-02-17  02:08:24
Commandline: apt-get install --reinstall mawk
Reinstall: mawk:amd64 (1.3.4.20240123-1build1)
End-Date: 2026-02-17  02:08:25

Start-Date: 2026-02-17  02:08:28
Commandline: apt-get install --reinstall mount
Reinstall: mount:amd64 (2.39.3-9ubuntu6)
End-Date: 2026-02-17  02:08:29

Start-Date: 2026-02-17  02:08:32
Commandline: apt-get install --reinstall ncurses-base
Reinstall: ncurses-base:amd64 (6.4+20240113-1ubuntu2)
End-Date: 2026-02-17  02:08:33

Start-Date: 2026-02-17  02:08:36
Commandline: apt-get install --reinstall ncurses-bin
Reinstall: ncurses-bin:amd64 (6.4+20240113-1ubuntu2)
End-Date: 2026-02-17  02:08:37

Start-Date: 2026-02-17  02:08:40
Commandline: apt-get install --reinstall passwd
Reinstall: passwd:amd64 (1:4.13+dfsg1-4ubuntu3)
End-Date: 2026-02-17  02:08:41

Start-Date: 2026-02-17  02:08:44
Commandline: apt-get install --reinstall perl-base
Reinstall: perl-base:amd64 (5.38.2-3.2build2)
End-Date: 2026-02-17  02:08:46

Start-Date: 2026-02-17  02:08:49
Commandline: apt-get install --reinstall procps
Reinstall: procps:amd64 (2:4.0.4-4ubuntu3)
End-Date: 2026-02-17  02:08:50

Start-Date: 2026-02-17  02:08:53
Commandline: apt-get install --reinstall sed
Reinstall: sed:amd64 (4.9-2build1)
End-Date: 2026-02-17  02:08:54

Start-Date: 2026-02-17  02:08:57
Commandline: apt-get install --reinstall sensible-utils
Reinstall: sensible-utils:amd64 (0.0.22)
End-Date: 2026-02-17  02:08:58

Start-Date: 2026-02-17  02:09:01
Commandline: apt-get install --reinstall sysvinit-utils
Reinstall: sysvinit-utils:amd64 (3.08-6ubuntu3)
End-Date: 2026-02-17  02:09:02

Start-Date: 2026-02-17  02:09:05
Commandline: apt-get install --reinstall tar
Reinstall: tar:amd64 (1.35+dfsg-3build1)
End-Date: 2026-02-17  02:09:07

Start-Date: 2026-02-17  02:09:09
Commandline: apt-get install --reinstall ubuntu-keyring
Reinstall: ubuntu-keyring:amd64 (2023.11.28.1)
End-Date: 2026-02-17  02:09:11

Start-Date: 2026-02-17  02:09:14
Commandline: apt-get install --reinstall util-linux
Reinstall: util-linux:amd64 (2.39.3-9ubuntu6)
End-Date: 2026-02-17  02:09:15

Start-Date: 2026-02-17  02:09:18
Commandline: apt-get install --reinstall zlib1g:amd64
Reinstall: zlib1g:amd64 (1:1.3.dfsg-3.1ubuntu2)
End-Date: 2026-02-17  02:09:19

Start-Date: 2026-02-17  02:09:25
Commandline: apt-get --yes -oDebug::pkgDepCache::AutoInstall=yes --no-install-recommends --force-yes upgrade
Upgrade: dpkg:amd64 (1.22.6ubuntu6, 1.22.6ubuntu6.5), libsmartcols1:amd64 (2.39.3-9ubuntu6, 2.39.3-9ubuntu6.4), libpam-runtime:amd64 (1.5.3-5ubuntu5, 1.5.3-5ubuntu5.5), coreutils:amd64 (9.4-3ubuntu6, 9.4-3ubuntu6.1), libaudit-common:amd64 (1:3.1.2-2.1build1, 1:3.1.2-2.1build1.1), apt:amd64 (2.7.14build2, 2.8.3), libacl1:amd64 (2.3.2-1build1, 2.3.2-1build1.1), libunistring5:amd64 (1.1-2build1, 1.1-2build1.1), libidn2-0:amd64 (2.3.7-2build1, 2.3.7-2build1.1), libtasn1-6:amd64 (4.19.0-3build1, 4.19.0-3ubuntu0.24.04.2), libselinux1:amd64 (3.5-2ubuntu2, 3.5-2ubuntu2.1), liblzma5:amd64 (5.6.1+really5.4.5-1, 5.6.1+really5.4.5-1ubuntu0.2), libhogweed6t64:amd64 (3.9.1-2.2build1, 3.9.1-2.2build1.1), libext2fs2t64:amd64 (1.47.0-2.4~exp1ubuntu4, 1.47.0-2.4~exp1ubuntu4.1), libp11-kit0:amd64 (0.25.3-4ubuntu2, 0.25.3-4ubuntu2.1), libproc2-0:amd64 (2:4.0.4-4ubuntu3, 2:4.0.4-4ubuntu3.2), libsystemd0:amd64 (255.4-1ubuntu8, 255.4-1ubuntu8.12), libmount1:amd64 (2.39.3-9ubuntu6, 2.39.3-9ubuntu6.4), libzstd1:amd64 (1.5.5+dfsg2-2build1, 1.5.5+dfsg2-2build1.1), util-linux:amd64 (2.39.3-9ubuntu6, 2.39.3-9ubuntu6.4), libudev1:amd64 (255.4-1ubuntu8, 255.4-1ubuntu8.12), libgpg-error0:amd64 (1.47-3build2, 1.47-3build2.1), libnettle8t64:amd64 (3.9.1-2.2build1, 3.9.1-2.2build1.1), libcom-err2:amd64 (1.47.0-2.4~exp1ubuntu4, 1.47.0-2.4~exp1ubuntu4.1), libcap2:amd64 (1:2.66-5ubuntu2, 1:2.66-5ubuntu2.2), libc6:amd64 (2.39-0ubuntu8, 2.39-0ubuntu8.7), libuuid1:amd64 (2.39.3-9ubuntu6, 2.39.3-9ubuntu6.4), gpgv:amd64 (2.4.4-2ubuntu17, 2.4.4-2ubuntu17.4), base-files:amd64 (13ubuntu10, 13ubuntu10.4), gzip:amd64 (1.12-1ubuntu3, 1.12-1ubuntu3.1), login:amd64 (1:4.13+dfsg1-4ubuntu3, 1:4.13+dfsg1-4ubuntu3.2), libgmp10:amd64 (2:6.3.0+dfsg-2ubuntu6, 2:6.3.0+dfsg-2ubuntu6.1), libpcre2-8-0:amd64 (10.42-4ubuntu2, 10.42-4ubuntu2.1), libseccomp2:amd64 (2.5.5-1ubuntu3, 2.5.5-1ubuntu3.1), procps:amd64 (2:4.0.4-4ubuntu3, 2:4.0.4-4ubuntu3.2), libapt-pkg6.0t64:amd64 (2.7.14build2, 2.8.3), mount:amd64 (2.39.3-9ubuntu6, 2.39.3-9ubuntu6.4), perl-base:amd64 (5.38.2-3.2build2, 5.38.2-3.2ubuntu0.2), libpam0g:amd64 (1.5.3-5ubuntu5, 1.5.3-5ubuntu5.5), libc-bin:amd64 (2.39-0ubuntu8, 2.39-0ubuntu8.7), libattr1:amd64 (1:2.5.2-1build1, 1:2.5.2-1build1.1), libaudit1:amd64 (1:3.1.2-2.1build1, 1:3.1.2-2.1build1.1), libssl3t64:amd64 (3.0.13-0ubuntu3, 3.0.13-0ubuntu3.7), libgnutls30t64:amd64 (3.8.3-1.1ubuntu3, 3.8.3-1.1ubuntu3.5), libblkid1:amd64 (2.39.3-9ubuntu6, 2.39.3-9ubuntu6.4), logsave:amd64 (1.47.0-2.4~exp1ubuntu4, 1.47.0-2.4~exp1ubuntu4.1), liblz4-1:amd64 (1.9.4-1build1, 1.9.4-1build1.1), libbz2-1.0:amd64 (1.0.8-5.1, 1.0.8-5.1build0.1), zlib1g:amd64 (1:1.3.dfsg-3.1ubuntu2, 1:1.3.dfsg-3.1ubuntu2.1), libmd0:amd64 (1.1.0-2build1, 1.1.0-2build1.1), bsdutils:amd64 (1:2.39.3-9ubuntu6, 1:2.39.3-9ubuntu6.4), libss2:amd64 (1.47.0-2.4~exp1ubuntu4, 1.47.0-2.4~exp1ubuntu4.1), libstdc++6:amd64 (14-20240412-0ubuntu1, 14.2.0-4ubuntu2~24.04.1), e2fsprogs:amd64 (1.47.0-2.4~exp1ubuntu4, 1.47.0-2.4~exp1ubuntu4.1), passwd:amd64 (1:4.13+dfsg1-4ubuntu3, 1:4.13+dfsg1-4ubuntu3.2), gcc-14-base:amd64 (14-20240412-0ubuntu1, 14.2.0-4ubuntu2~24.04.1), libgcc-s1:amd64 (14-20240412-0ubuntu1, 14.2.0-4ubuntu2~24.04.1)
End-Date: 2026-02-17  02:09:31

Start-Date: 2026-02-17  02:09:31
Commandline: apt-get --yes -oDebug::pkgDepCache::AutoInstall=yes --no-install-recommends --force-yes dist-upgrade
Install: libdb5.3t64:amd64 (5.3.28+dfsg2-7, automatic)
Upgrade: libpam-modules:amd64 (1.5.3-5ubuntu5, 1.5.3-5ubuntu5.5), libpam-modules-bin:amd64 (1.5.3-5ubuntu5, 1.5.3-5ubuntu5.5)
End-Date: 2026-02-17  02:09:32

Start-Date: 2026-02-17  02:09:32
Commandline: apt-get --yes -oDebug::pkgDepCache::AutoInstall=yes --no-install-recommends install unminimize
Install: unminimize:amd64 (0.2.1)
End-Date: 2026-02-17  02:09:32
